<?xml version="1.0" encoding="UTF-8"?>
<!-- Generated by org.testng.reporters.JUnitReportReporter -->
<testsuite skipped="0" hostname="ASHOK-PC" name="jenkins.TestMavenJenkins" tests="1" failures="0" timestamp="24 Feb 2018 05:26:11 GMT" time="41.430" errors="0">
  <testcase name="openFB" time="41.430" classname="jenkins.TestMavenJenkins"/>
</testsuite> <!-- jenkins.TestMavenJenkins -->
