<?xml version="1.0" encoding="UTF-8"?>
<!-- Generated by org.testng.reporters.JUnitReportReporter -->
<testsuite skipped="0" hostname="ASHOK-PC" name="TimeCheck" tests="1" failures="0" timestamp="07 May 2018 05:32:07 GMT" time="3.793" errors="0">
  <testcase name="check" time="3.793" classname="TimeCheck"/>
</testsuite> <!-- TimeCheck -->
